TN:test1
SF:/home/jbabu/mccache/ver3.1/mc_cache_osutil.c
FN:87,mc_lock
FN:97,mc_unlock
FN:107,mc_mutex_init
FN:119,mc_cache_uninit
FNDA:33,mc_lock
FNDA:33,mc_unlock
FNDA:1,mc_mutex_init
FNDA:1,mc_cache_uninit
FNF:4
FNH:4
DA:87,33
DA:89,33
DA:90,33
DA:91,0
DA:92,0
DA:94,33
DA:97,33
DA:99,33
DA:100,33
DA:101,0
DA:102,0
DA:104,33
DA:107,1
DA:110,1
DA:111,1
DA:113,0
DA:114,0
DA:116,1
DA:119,1
DA:123,1
DA:124,1
DA:126,0
DA:127,0
DA:129,1
LF:24
LH:16
end_of_record
TN:test1
SF:/home/jbabu/mccache/ver3.1/mc_cache.c
FN:49,is_item_in_used_list
FN:59,get_unused_item_in_used_list
FN:69,get_unused_item_in_free_list
FN:79,delete_from_used_list
FN:98,add_to_used_list
FN:113,get_available_cache_slot
FN:124,add_to_free_list
FN:137,delete_lru_from_cache
FN:169,compare_mcerts
FN:223,mc_cache_init
FN:261,set_slot_as_mru
FN:281,cache_find_cert
FN:305,cache_find_cert_no_lock
FN:337,cache_find_by_issuer_and_serial
FN:352,cache_find_by_subject_and_SKID
FN:367,cache_find_next_operator_cert
FN:396,cache_find_BC_by_MAC_address
FN:423,cache_find_DL_by_MAC_address
FN:448,cache_find_lock
FN:502,cache_find_by_slot_number
FN:531,cache_insert_cert
FN:613,cache_delete_entry
FN:633,cache_delete_entry_no_lock
FN:667,mc_delete_pcert
FN:711,mc_delete_pcert_one
FN:733,cache_check_sanity
FN:786,cache_store_index
FN:800,cache_find_issuer_no_lock
FN:831,cache_find_issuer
FN:853,get_mcert_type
FN:869,is_issuer_of
FNDA:3,is_item_in_used_list
FNDA:18,get_unused_item_in_used_list
FNDA:2,get_unused_item_in_free_list
FNDA:12,delete_from_used_list
FNDA:18,add_to_used_list
FNDA:7,get_available_cache_slot
FNDA:2,add_to_free_list
FNDA:0,delete_lru_from_cache
FNDA:61,compare_mcerts
FNDA:1,mc_cache_init
FNDA:10,set_slot_as_mru
FNDA:2,cache_find_cert
FNDA:10,cache_find_cert_no_lock
FNDA:4,cache_find_by_issuer_and_serial
FNDA:3,cache_find_by_subject_and_SKID
FNDA:3,cache_find_next_operator_cert
FNDA:2,cache_find_BC_by_MAC_address
FNDA:2,cache_find_DL_by_MAC_address
FNDA:14,cache_find_lock
FNDA:2,cache_find_by_slot_number
FNDA:9,cache_insert_cert
FNDA:5,cache_delete_entry
FNDA:5,cache_delete_entry_no_lock
FNDA:2,mc_delete_pcert
FNDA:2,mc_delete_pcert_one
FNDA:2,cache_check_sanity
FNDA:0,cache_store_index
FNDA:8,cache_find_issuer_no_lock
FNDA:1,cache_find_issuer
FNDA:10,get_mcert_type
FNDA:72,is_issuer_of
FNF:31
FNH:29
DA:49,3
DA:53,170
DA:54,169
DA:56,1
DA:59,18
DA:63,67
DA:64,67
DA:66,0
DA:69,2
DA:73,2
DA:74,2
DA:76,0
DA:79,12
DA:83,12
DA:84,31
DA:85,19
DA:86,12
DA:87,12
DA:88,12
DA:89,8
DA:90,12
DA:92,7
DA:93,7
DA:95,0
DA:98,18
DA:102,18
DA:103,18
DA:104,0
DA:106,18
DA:107,18
DA:108,18
DA:109,18
DA:110,18
DA:113,7
DA:115,7
DA:116,0
DA:118,7
DA:119,7
DA:120,7
DA:121,7
DA:124,2
DA:128,2
DA:129,2
DA:131,2
DA:132,2
DA:133,2
DA:134,2
DA:135,2
DA:137,0
DA:142,0
DA:143,0
DA:144,0
DA:146,0
DA:147,0
DA:148,0
DA:149,0
DA:150,0
DA:153,0
DA:154,0
DA:156,0
DA:157,0
DA:159,0
DA:169,61
DA:171,61
DA:172,28
DA:174,28
DA:175,2
DA:182,59
DA:183,4
DA:184,3
DA:185,1
DA:186,1
DA:188,55
DA:190,4
DA:191,3
DA:192,1
DA:193,1
DA:195,51
DA:196,28
DA:197,11
DA:198,3
DA:199,3
DA:200,3
DA:202,48
DA:203,20
DA:204,8
DA:205,2
DA:206,2
DA:207,1
DA:209,47
DA:211,17
DA:212,6
DA:213,5
DA:214,2
DA:216,45
DA:223,1
DA:228,1
DA:230,1
DA:232,0
DA:233,0
DA:237,1
DA:238,162
DA:239,161
DA:243,1
DA:244,160
DA:245,159
DA:246,159
DA:247,159
DA:249,1
DA:253,1
DA:261,10
DA:265,10
DA:266,0
DA:267,10
DA:268,10
DA:269,10
DA:270,10
DA:281,2
DA:282,2
DA:284,2
DA:286,2
DA:287,2
DA:288,2
DA:289,1
DA:290,1
DA:292,1
DA:294,1
DA:305,10
DA:314,10
DA:315,0
DA:317,10
DA:318,10
DA:320,10
DA:321,46
DA:322,28
DA:323,28
DA:324,0
DA:325,28
DA:326,28
DA:327,2
DA:329,2
DA:330,2
DA:332,26
DA:334,8
DA:337,4
DA:341,4
DA:343,4
DA:345,4
DA:346,4
DA:347,4
DA:348,4
DA:349,4
DA:352,3
DA:356,3
DA:358,3
DA:360,3
DA:361,3
DA:362,3
DA:363,3
DA:364,3
DA:367,3
DA:377,3
DA:379,3
DA:382,3
DA:383,3
DA:384,3
DA:385,3
DA:396,2
DA:402,2
DA:404,2
DA:406,2
DA:408,2
DA:412,2
DA:423,2
DA:429,2
DA:431,2
DA:433,2
DA:434,2
DA:438,2
DA:448,14
DA:454,14
DA:456,14
DA:459,1
DA:460,2
DA:461,1
DA:462,1
DA:463,1
DA:465,0
DA:467,1
DA:468,0
DA:471,13
DA:473,14
DA:475,53
DA:476,33
DA:477,33
DA:478,0
DA:479,33
DA:480,8
DA:481,8
DA:482,8
DA:483,0
DA:484,8
DA:485,8
DA:486,8
DA:488,25
DA:490,6
DA:491,6
DA:502,2
DA:505,2
DA:508,2
DA:511,2
DA:512,7
DA:513,4
DA:514,1
DA:515,1
DA:517,3
DA:519,2
DA:522,1
DA:531,9
DA:533,9
DA:537,9
DA:540,9
DA:541,0
DA:544,9
DA:545,0
DA:548,9
DA:550,9
DA:551,1
DA:552,0
DA:553,0
DA:556,1
DA:557,1
DA:558,0
DA:559,0
DA:563,1
DA:564,1
DA:566,0
DA:568,1
DA:569,1
DA:570,1
DA:571,1
DA:574,8
DA:575,1
DA:577,1
DA:580,7
DA:581,7
DA:582,0
DA:583,0
DA:585,7
DA:586,7
DA:587,0
DA:588,0
DA:592,7
DA:593,7
DA:594,0
DA:595,0
DA:597,7
DA:598,7
DA:599,7
DA:600,0
DA:601,0
DA:604,7
DA:605,7
DA:613,5
DA:615,5
DA:617,5
DA:618,5
DA:619,5
DA:620,3
DA:621,3
DA:623,2
DA:625,2
DA:633,5
DA:636,5
DA:639,5
DA:640,3
DA:643,3
DA:644,1
DA:646,2
DA:647,2
DA:648,0
DA:651,2
DA:654,4
DA:655,2
DA:656,2
DA:658,2
DA:667,2
DA:674,2
DA:677,2
DA:679,13
DA:680,9
DA:687,9
DA:688,2
DA:689,2
DA:691,7
DA:692,0
DA:693,0
DA:694,0
DA:697,7
DA:701,2
DA:702,2
DA:703,2
DA:711,2
DA:715,2
DA:718,2
DA:719,2
DA:720,2
DA:723,2
DA:724,2
DA:726,0
DA:733,2
DA:735,2
DA:740,2
DA:743,2
DA:745,12
DA:746,8
DA:747,8
DA:749,0
DA:751,8
DA:753,8
DA:754,40
DA:756,32
DA:757,32
DA:759,0
DA:762,32
DA:763,8
DA:764,8
DA:766,24
DA:768,8
DA:770,0
DA:771,0
DA:772,0
DA:774,0
DA:776,8
DA:778,2
DA:779,2
DA:786,0
DA:790,0
DA:800,8
DA:805,8
DA:806,8
DA:807,31
DA:808,23
DA:809,23
DA:811,0
DA:814,23
DA:815,8
DA:816,8
DA:818,15
DA:821,0
DA:831,1
DA:835,1
DA:836,1
DA:838,1
DA:839,1
DA:840,1
DA:841,1
DA:842,1
DA:844,0
DA:845,0
DA:853,10
DA:856,10
DA:857,2
DA:859,8
DA:869,72
DA:871,180
DA:872,72
DA:873,72
DA:874,18
DA:875,18
DA:876,18
DA:877,18
DA:879,54
LF:373
LH:313
end_of_record
TN:test1
SF:/home/jbabu/mccache/ver3.1/mcreg.c
FN:99,CheckmCertValidity
FN:115,clear_ec_key_store
FN:124,mCertVerifySignature
FN:159,create_new_ec_key_pair
FN:200,add_keypair_to_store
FN:219,update_issuer_to_store
FN:231,get_subjkeyid_from_store
FN:244,update_slotno_to_store
FN:255,get_keypair_from_store
FN:271,get_issuer_from_store
FN:286,sign_cert
FN:338,get_token_id
FN:376,strip_last_newline
FN:384,get_first_token
FN:397,get_next_token
FN:411,hexdump
FN:417,sscan_octets
FN:456,get_algoid_string
FN:464,print_pcert
FN:549,help
FN:554,parse_hexstring
FN:568,report_result
FN:578,check_and_report_result
FN:597,print_index
FN:635,parse_der_cert
FN:651,main
FNDA:9,CheckmCertValidity
FNDA:1,clear_ec_key_store
FNDA:8,mCertVerifySignature
FNDA:8,create_new_ec_key_pair
FNDA:8,add_keypair_to_store
FNDA:7,update_issuer_to_store
FNDA:2,get_subjkeyid_from_store
FNDA:9,update_slotno_to_store
FNDA:7,get_keypair_from_store
FNDA:4,get_issuer_from_store
FNDA:8,sign_cert
FNDA:188,get_token_id
FNDA:82,strip_last_newline
FNDA:83,get_first_token
FNDA:264,get_next_token
FNDA:164,hexdump
FNDA:0,sscan_octets
FNDA:6,get_algoid_string
FNDA:6,print_pcert
FNDA:0,help
FNDA:36,parse_hexstring
FNDA:71,report_result
FNDA:49,check_and_report_result
FNDA:4,print_index
FNDA:1,parse_der_cert
FNDA:1,main
FNF:26
FNH:24
DA:99,9
DA:103,9
DA:105,9
DA:107,9
DA:108,9
DA:110,0
DA:111,0
DA:115,1
DA:119,9
DA:120,8
DA:122,1
DA:124,8
DA:132,8
DA:133,8
DA:134,8
DA:140,44
DA:141,36
DA:142,8
DA:145,8
DA:146,8
DA:148,8
DA:149,0
DA:150,0
DA:153,8
DA:159,8
DA:166,8
DA:167,8
DA:168,0
DA:169,0
DA:171,8
DA:172,8
DA:173,0
DA:174,0
DA:176,8
DA:177,8
DA:178,0
DA:179,0
DA:181,8
DA:182,8
DA:183,0
DA:184,0
DA:186,8
DA:188,8
DA:189,8
DA:190,8
DA:192,8
DA:193,0
DA:194,0
DA:197,8
DA:200,8
DA:204,36
DA:205,28
DA:207,8
DA:208,8
DA:210,8
DA:211,8
DA:212,8
DA:213,8
DA:214,8
DA:216,8
DA:219,7
DA:223,42
DA:224,35
DA:225,7
DA:226,7
DA:229,7
DA:231,2
DA:235,5
DA:236,5
DA:237,2
DA:238,2
DA:241,0
DA:244,9
DA:248,48
DA:249,39
DA:250,9
DA:253,9
DA:255,7
DA:259,10
DA:260,10
DA:261,7
DA:262,7
DA:263,7
DA:264,7
DA:268,0
DA:271,4
DA:275,16
DA:276,15
DA:277,3
DA:278,3
DA:281,1
DA:286,8
DA:289,8
DA:292,8
DA:294,8
DA:298,8
DA:299,8
DA:301,8
DA:302,8
DA:303,8
DA:308,8
DA:309,8
DA:311,0
DA:312,0
DA:315,44
DA:316,36
DA:317,8
DA:321,8
DA:322,8
DA:323,8
DA:324,16
DA:325,8
DA:326,8
DA:331,0
DA:332,0
DA:334,8
DA:338,188
DA:340,188
DA:341,155
DA:342,113
DA:343,101
DA:344,79
DA:345,70
DA:346,65
DA:347,48
DA:348,46
DA:349,44
DA:350,42
DA:351,40
DA:352,39
DA:353,31
DA:354,23
DA:355,21
DA:356,20
DA:358,18
DA:359,15
DA:360,12
DA:361,12
DA:362,12
DA:364,12
DA:365,8
DA:366,6
DA:367,1
DA:369,0
DA:370,0
DA:372,0
DA:376,82
DA:378,82
DA:379,82
DA:380,564
DA:381,482
DA:384,83
DA:388,83
DA:389,83
DA:390,83
DA:391,83
DA:392,24
DA:394,83
DA:397,264
DA:401,264
DA:402,0
DA:403,0
DA:405,264
DA:406,264
DA:407,58
DA:409,264
DA:411,164
DA:413,164
DA:414,164
DA:415,164
DA:417,0
DA:421,0
DA:422,0
DA:423,0
DA:425,0
DA:456,6
DA:458,6
DA:459,6
DA:460,6
DA:461,0
DA:464,6
DA:466,6
DA:467,6
DA:468,6
DA:469,6
DA:470,6
DA:471,6
DA:472,6
DA:473,6
DA:474,6
DA:475,6
DA:476,6
DA:477,6
DA:478,6
DA:479,6
DA:480,6
DA:481,6
DA:482,6
DA:483,6
DA:484,6
DA:485,6
DA:486,6
DA:549,0
DA:551,0
DA:552,0
DA:554,36
DA:557,36
DA:559,36
DA:560,36
DA:561,36
DA:564,0
DA:565,36
DA:568,71
DA:570,71
DA:571,0
DA:572,0
DA:575,71
DA:576,71
DA:578,49
DA:581,98
DA:585,49
DA:587,0
DA:588,0
DA:590,49
DA:597,4
DA:603,4
DA:604,4
DA:605,0
DA:608,4
DA:609,21
DA:610,13
DA:611,13
DA:612,13
DA:614,4
DA:615,4
DA:618,4
DA:619,4
DA:620,0
DA:623,4
DA:624,627
DA:626,619
DA:627,619
DA:630,4
DA:633,4
DA:635,1
DA:638,1
DA:639,1
DA:640,1
DA:642,1
DA:643,0
DA:644,0
DA:646,1
DA:651,1
DA:653,1
DA:654,1
DA:657,1
DA:659,1
DA:660,1
DA:661,0
DA:664,1
DA:665,1
DA:666,0
DA:667,0
DA:669,1
DA:670,1
DA:671,0
DA:672,0
DA:676,0
DA:678,1
DA:679,1
DA:680,0
DA:683,87
DA:684,85
DA:685,85
DA:686,1
DA:687,1
DA:691,0
DA:692,0
DA:694,84
DA:695,84
DA:696,84
DA:698,83
DA:699,83
DA:700,82
DA:705,83
DA:706,83
DA:707,83
DA:708,282
DA:709,116
DA:711,33
DA:712,33
DA:713,12
DA:714,12
DA:716,21
DA:717,21
DA:718,21
DA:720,0
DA:721,0
DA:724,22
DA:726,22
DA:727,8
DA:728,8
DA:731,22
DA:732,5
DA:733,5
DA:736,22
DA:737,0
DA:738,0
DA:741,22
DA:742,2
DA:743,2
DA:744,2
DA:747,22
DA:748,2
DA:749,2
DA:750,2
DA:751,2
DA:752,2
DA:753,2
DA:755,22
DA:756,0
DA:757,0
DA:759,22
DA:760,5
DA:761,5
DA:763,22
DA:764,0
DA:765,0
DA:767,22
DA:768,0
DA:769,0
DA:771,22
DA:772,22
DA:775,9
DA:776,9
DA:777,9
DA:778,9
DA:780,9
DA:785,5
DA:786,5
DA:787,4
DA:788,4
DA:789,4
DA:790,4
DA:792,5
DA:795,1
DA:799,1
DA:800,1
DA:801,1
DA:802,1
DA:803,1
DA:804,1
DA:807,1
DA:808,1
DA:810,1
DA:812,1
DA:813,1
DA:815,1
DA:816,1
DA:818,0
DA:819,0
DA:822,4
DA:825,17
DA:827,17
DA:828,17
DA:830,2
DA:831,2
DA:832,2
DA:834,15
DA:840,2
DA:841,2
DA:842,2
DA:843,2
DA:844,2
DA:846,2
DA:847,2
DA:849,1
DA:851,2
DA:854,2
DA:855,2
DA:857,0
DA:860,2
DA:864,2
DA:865,2
DA:866,2
DA:867,2
DA:869,2
DA:873,2
DA:874,2
DA:875,2
DA:876,2
DA:878,2
DA:882,2
DA:883,2
DA:884,2
DA:885,2
DA:887,2
DA:893,1
DA:894,1
DA:895,1
DA:896,1
DA:897,1
DA:899,1
DA:900,1
DA:902,1
DA:904,1
DA:905,0
DA:906,0
DA:908,1
DA:909,1
DA:910,1
DA:912,1
DA:913,1
DA:915,0
DA:917,0
DA:923,3
DA:924,3
DA:925,3
DA:926,3
DA:927,3
DA:929,3
DA:930,3
DA:931,3
DA:932,3
DA:933,3
DA:935,3
DA:937,3
DA:939,3
DA:943,3
DA:944,3
DA:945,3
DA:946,3
DA:947,3
DA:949,3
DA:951,0
DA:955,15
DA:959,8
DA:962,8
DA:963,8
DA:966,8
DA:986,8
DA:988,8
DA:992,8
DA:993,8
DA:999,8
DA:1000,8
DA:1002,5
DA:1003,5
DA:1004,0
DA:1005,0
DA:1007,5
DA:1008,5
DA:1009,5
DA:1012,5
DA:1013,5
DA:1015,3
DA:1018,2
DA:1019,2
DA:1020,2
DA:1021,2
DA:1022,2
DA:1023,2
DA:1025,2
DA:1026,2
DA:1027,2
DA:1028,2
DA:1029,0
DA:1030,0
DA:1032,2
DA:1033,2
DA:1034,2
DA:1036,0
DA:1037,0
DA:1039,0
DA:1043,1
DA:1045,1
DA:1047,1
DA:1049,1
DA:1051,1
DA:1053,0
DA:1057,3
DA:1060,2
DA:1061,2
DA:1063,2
DA:1066,4
DA:1067,4
DA:1073,2
DA:1074,2
DA:1075,14
DA:1077,10
DA:1078,10
DA:1079,10
DA:1081,10
DA:1083,10
DA:1085,10
DA:1086,10
DA:1087,10
DA:1088,10
DA:1089,10
DA:1091,10
DA:1094,2
DA:1099,5
DA:1100,5
DA:1101,0
DA:1102,0
DA:1103,0
DA:1106,5
DA:1108,5
DA:1112,1
DA:1113,1
DA:1114,1
DA:1117,0
DA:1118,0
DA:1121,0
DA:1122,0
DA:1123,0
DA:1127,0
DA:1130,115
DA:1133,1
DA:1134,1
DA:1135,1
DA:1136,1
DA:1137,1
LF:523
LH:436
end_of_record
TN:test1
SF:/home/jbabu/mccache/ver3.1/mc_cache_flash.c
FN:187,get_cache_base_addr
FN:192,get_field_from_cert_cache
FN:202,get_fullcert_from_cert_cache
FN:212,write_cert_to_mcert_cache
FN:225,cert_cache_read_cert
FN:230,cert_cache_write_cert
FN:235,cert_cache_delete_cert
FNDA:189,get_cache_base_addr
FNDA:0,get_field_from_cert_cache
FNDA:179,get_fullcert_from_cert_cache
FNDA:10,write_cert_to_mcert_cache
FNDA:152,cert_cache_read_cert
FNDA:8,cert_cache_write_cert
FNDA:2,cert_cache_delete_cert
FNF:7
FNH:6
DA:187,189
DA:189,189
DA:192,0
DA:196,0
DA:198,0
DA:199,0
DA:202,179
DA:206,179
DA:207,179
DA:208,179
DA:209,179
DA:212,10
DA:214,10
DA:215,10
DA:217,10
DA:218,10
DA:219,8
DA:220,8
DA:222,10
DA:225,152
DA:227,152
DA:230,8
DA:232,8
DA:235,2
DA:237,2
LF:25
LH:21
end_of_record
TN:test1
SF:/home/jbabu/mccache/ver3.1/asn.c
FN:177,btoi
FN:184,GetTime
FN:197,GetLength
FN:238,GetAny
FN:254,GetSequence
FN:271,GetSet
FN:288,GetMyVersion
FN:308,GetSmallInt
FN:332,GetExplicitVersion
FN:349,GetCertInt
FN:379,GetObjectId
FN:404,GetAlgoId
FN:449,GetCertSeqWithEncoding
FN:464,GetCertSequence
FN:517,GetCertBitString
FN:539,InitDecodedCert
FN:565,CheckCurve
FN:576,GetCertKey
FN:614,GetCertName
FN:660,DateGreaterThan
FN:696,ParseDate
FN:761,GetCertDate
FN:789,GetCertValidity
FN:807,CertDecodeToExtensions
FN:842,SetDigest
FN:852,BytePrecision
FN:863,SetLength
FN:882,SetSequence
FN:889,SetAlgoID
FN:948,EncodeSignature
FN:1028,CertDecodeAltNames
FN:1080,CertDecodeBasicCaConstraint
FN:1167,CertDecodeAuthKeyId
FN:1195,CertDecodeSubjKeyId
FN:1217,CertDecodePolicies
FN:1248,CertAddRole
FN:1257,CertDecodeSSNRole
FN:1269,CertDecodeSSNMultiRole
FN:1283,CertDecodeExtensions
FN:1388,CheckCertValidity
FN:1401,ParseCert
FN:1465,ParseCertRelative
FNDA:26,btoi
FNDA:12,GetTime
FNDA:91,GetLength
FNDA:14,GetAny
FNDA:31,GetSequence
FNDA:14,GetSet
FNDA:1,GetMyVersion
FNDA:0,GetSmallInt
FNDA:1,GetExplicitVersion
FNDA:1,GetCertInt
FNDA:18,GetObjectId
FNDA:2,GetAlgoId
FNDA:3,GetCertSeqWithEncoding
FNDA:1,GetCertSequence
FNDA:2,GetCertBitString
FNDA:1,InitDecodedCert
FNDA:1,CheckCurve
FNDA:1,GetCertKey
FNDA:2,GetCertName
FNDA:0,DateGreaterThan
FNDA:2,ParseDate
FNDA:2,GetCertDate
FNDA:1,GetCertValidity
FNDA:1,CertDecodeToExtensions
FNDA:0,SetDigest
FNDA:0,BytePrecision
FNDA:0,SetLength
FNDA:0,SetSequence
FNDA:0,SetAlgoID
FNDA:0,EncodeSignature
FNDA:0,CertDecodeAltNames
FNDA:1,CertDecodeBasicCaConstraint
FNDA:1,CertDecodeAuthKeyId
FNDA:1,CertDecodeSubjKeyId
FNDA:0,CertDecodePolicies
FNDA:0,CertAddRole
FNDA:0,CertDecodeSSNRole
FNDA:0,CertDecodeSSNMultiRole
FNDA:1,CertDecodeExtensions
FNDA:0,CheckCertValidity
FNDA:1,ParseCert
FNDA:1,ParseCertRelative
FNF:42
FNH:28
DA:177,26
DA:179,26
DA:184,12
DA:186,12
DA:189,12
DA:190,12
DA:192,12
DA:193,12
DA:197,91
DA:200,91
DA:201,91
DA:204,91
DA:206,0
DA:209,91
DA:210,91
DA:211,4
DA:213,4
DA:215,0
DA:218,16
DA:219,8
DA:220,8
DA:224,87
DA:226,91
DA:228,0
DA:231,91
DA:232,91
DA:234,91
DA:238,14
DA:241,14
DA:242,14
DA:244,14
DA:245,14
DA:246,0
DA:248,14
DA:249,14
DA:251,14
DA:254,31
DA:257,31
DA:258,31
DA:260,62
DA:261,31
DA:262,0
DA:264,31
DA:265,31
DA:267,31
DA:271,14
DA:273,14
DA:274,14
DA:276,28
DA:277,14
DA:278,0
DA:280,14
DA:281,14
DA:283,14
DA:288,1
DA:290,1
DA:294,1
DA:295,0
DA:297,1
DA:298,0
DA:300,1
DA:301,1
DA:303,1
DA:308,0
DA:310,0
DA:313,0
DA:315,0
DA:316,0
DA:318,0
DA:319,0
DA:320,0
DA:322,0
DA:323,0
DA:326,0
DA:328,0
DA:332,1
DA:334,1
DA:337,1
DA:338,1
DA:339,1
DA:343,0
DA:345,0
DA:349,1
DA:351,1
DA:352,1
DA:353,1
DA:354,1
DA:357,1
DA:358,0
DA:360,1
DA:361,0
DA:371,1
DA:372,1
DA:374,1
DA:375,1
DA:379,18
DA:383,18
DA:385,18
DA:387,18
DA:388,18
DA:389,0
DA:391,18
DA:392,0
DA:394,107
DA:395,71
DA:398,18
DA:400,18
DA:404,2
DA:408,2
DA:411,2
DA:415,2
DA:416,0
DA:418,2
DA:419,2
DA:420,0
DA:422,2
DA:423,0
DA:425,18
DA:427,14
DA:428,14
DA:433,2
DA:435,2
DA:436,0
DA:437,0
DA:438,0
DA:442,2
DA:444,2
DA:446,2
DA:449,3
DA:453,3
DA:454,3
DA:455,3
DA:456,3
DA:457,0
DA:458,3
DA:459,3
DA:460,3
DA:461,3
DA:464,1
DA:468,1
DA:470,1
DA:472,1
DA:473,0
DA:474,1
DA:475,1
DA:476,1
DA:477,1
DA:517,2
DA:520,2
DA:522,2
DA:523,0
DA:525,2
DA:526,0
DA:528,2
DA:529,2
DA:530,0
DA:532,2
DA:533,2
DA:534,2
DA:536,2
DA:539,1
DA:541,1
DA:542,1
DA:543,1
DA:547,1
DA:565,1
DA:567,1
DA:569,0
DA:571,1
DA:576,1
DA:581,1
DA:582,0
DA:584,1
DA:586,1
DA:587,0
DA:589,1
DA:592,1
DA:594,1
DA:595,0
DA:597,1
DA:598,1
DA:599,0
DA:601,1
DA:602,0
DA:604,1
DA:606,0
DA:609,1
DA:614,2
DA:623,2
DA:624,2
DA:625,0
DA:627,2
DA:628,2
DA:630,2
DA:631,2
DA:633,18
DA:634,14
DA:636,0
DA:639,42
DA:640,26
DA:641,12
DA:642,14
DA:643,0
DA:645,14
DA:646,0
DA:648,14
DA:649,0
DA:653,2
DA:660,0
DA:662,0
DA:663,0
DA:665,0
DA:666,0
DA:668,0
DA:669,0
DA:670,0
DA:672,0
DA:673,0
DA:674,0
DA:676,0
DA:677,0
DA:678,0
DA:679,0
DA:681,0
DA:682,0
DA:683,0
DA:684,0
DA:686,0
DA:696,2
DA:699,2
DA:701,2
DA:703,2
DA:704,2
DA:705,0
DA:707,2
DA:709,0
DA:710,0
DA:713,2
DA:714,2
DA:715,2
DA:716,2
DA:717,2
DA:718,2
DA:719,2
DA:722,2
DA:724,0
DA:727,2
DA:728,2
DA:761,2
DA:767,2
DA:768,2
DA:769,0
DA:771,2
DA:772,0
DA:774,2
DA:775,0
DA:777,2
DA:778,2
DA:779,2
DA:781,2
DA:783,0
DA:785,2
DA:789,1
DA:793,1
DA:794,0
DA:796,1
DA:797,0
DA:799,1
DA:800,0
DA:802,1
DA:807,1
DA:809,1
DA:811,1
DA:812,0
DA:814,1
DA:815,0
DA:816,1
DA:818,1
DA:819,0
DA:821,1
DA:822,1
DA:823,0
DA:825,1
DA:826,0
DA:828,1
DA:829,0
DA:831,1
DA:832,0
DA:834,1
DA:835,0
DA:837,1
DA:842,0
DA:844,0
DA:845,0
DA:846,0
DA:848,0
DA:852,0
DA:855,0
DA:856,0
DA:857,0
DA:859,0
DA:863,0
DA:865,0
DA:867,0
DA:868,0
DA:870,0
DA:872,0
DA:873,0
DA:874,0
DA:878,0
DA:882,0
DA:884,0
DA:885,0
DA:889,0
DA:897,0
DA:899,0
DA:903,0
DA:904,0
DA:907,0
DA:908,0
DA:909,0
DA:913,0
DA:916,0
DA:920,0
DA:923,0
DA:927,0
DA:932,0
DA:935,0
DA:936,0
DA:937,0
DA:939,0
DA:940,0
DA:941,0
DA:943,0
DA:948,0
DA:955,0
DA:956,0
DA:957,0
DA:959,0
DA:960,0
DA:961,0
DA:963,0
DA:1028,0
DA:1030,0
DA:1035,0
DA:1037,0
DA:1040,0
DA:1042,0
DA:1044,0
DA:1046,0
DA:1048,0
DA:1050,0
DA:1051,0
DA:1052,0
DA:1053,0
DA:1054,0
DA:1055,0
DA:1056,0
DA:1058,0
DA:1060,0
DA:1062,0
DA:1063,0
DA:1065,0
DA:1068,0
DA:1069,0
DA:1070,0
DA:1074,0
DA:1075,0
DA:1080,1
DA:1082,1
DA:1085,1
DA:1086,0
DA:1088,1
DA:1092,1
DA:1095,0
DA:1098,1
DA:1101,0
DA:1104,1
DA:1105,1
DA:1167,1
DA:1169,1
DA:1173,1
DA:1175,0
DA:1178,1
DA:1180,0
DA:1183,1
DA:1185,0
DA:1188,1
DA:1189,1
DA:1191,1
DA:1195,1
DA:1197,1
DA:1201,1
DA:1203,0
DA:1206,1
DA:1208,0
DA:1211,1
DA:1212,1
DA:1214,1
DA:1217,0
DA:1219,0
DA:1220,0
DA:1226,0
DA:1227,0
DA:1229,0
DA:1230,0
DA:1231,0
DA:1232,0
DA:1233,0
DA:1234,0
DA:1235,0
DA:1236,0
DA:1238,0
DA:1239,0
DA:1240,0
DA:1242,0
DA:1243,0
DA:1248,0
DA:1250,0
DA:1251,0
DA:1252,0
DA:1253,0
DA:1254,0
DA:1257,0
DA:1259,0
DA:1262,0
DA:1263,0
DA:1264,0
DA:1265,0
DA:1266,0
DA:1269,0
DA:1271,0
DA:1274,0
DA:1275,0
DA:1276,0
DA:1277,0
DA:1278,0
DA:1279,0
DA:1283,1
DA:1289,1
DA:1290,1
DA:1297,1
DA:1298,0
DA:1300,1
DA:1301,0
DA:1303,1
DA:1304,0
DA:1306,1
DA:1307,0
DA:1309,5
DA:1310,3
DA:1311,3
DA:1313,0
DA:1316,3
DA:1317,3
DA:1319,0
DA:1323,3
DA:1325,0
DA:1326,0
DA:1330,3
DA:1332,0
DA:1335,3
DA:1337,0
DA:1340,3
DA:1342,1
DA:1343,1
DA:1352,0
DA:1353,0
DA:1356,1
DA:1357,1
DA:1360,1
DA:1361,1
DA:1364,0
DA:1365,0
DA:1368,0
DA:1369,0
DA:1372,0
DA:1373,0
DA:1377,0
DA:1378,0
DA:1382,3
DA:1385,1
DA:1388,0
DA:1390,0
DA:1391,0
DA:1392,0
DA:1393,0
DA:1394,0
DA:1395,0
DA:1397,0
DA:1401,1
DA:1405,1
DA:1406,1
DA:1407,0
DA:1409,1
DA:1410,0
DA:1448,1
DA:1465,1
DA:1473,1
DA:1474,0
DA:1476,1
DA:1477,0
DA:1480,1
DA:1481,1
DA:1482,0
DA:1483,1
DA:1484,0
DA:1485,1
DA:1486,0
DA:1487,1
DA:1488,0
DA:1489,1
DA:1490,0
DA:1493,1
DA:1494,1
DA:1495,1
DA:1497,0
DA:1498,0
DA:1502,1
DA:1503,0
DA:1504,0
DA:1506,1
DA:1507,0
DA:1508,0
DA:1511,1
DA:1512,1
DA:1513,1
DA:1514,1
DA:1519,1
DA:1534,1
LF:530
LH:275
end_of_record
